<?xml version="1.0" encoding="UTF-8"?>
<testng-results skipped="0" failed="0" ignored="0" total="1" passed="1">
  <reporter-output>
  </reporter-output>
  <suite name="Default suite" duration-ms="49684" started-at="2019-06-20T07:16:22Z" finished-at="2019-06-20T07:17:12Z">
    <groups>
    </groups>
    <test name="Default test" duration-ms="49684" started-at="2019-06-20T07:16:22Z" finished-at="2019-06-20T07:17:12Z">
      <class name="com.training.regression.tests.RegStudentDetailToDB_ELTC_063">
        <test-method status="PASS" signature="setUpBeforeClass()[pri:0, instance:com.training.regression.tests.RegStudentDetailToDB_ELTC_063@47c62251]" name="setUpBeforeClass" is-config="true" duration-ms="31" started-at="2019-06-20T07:16:22Z" finished-at="2019-06-20T07:16:22Z">
          <reporter-output>
          </reporter-output>
        </test-method> <!-- setUpBeforeClass -->
        <test-method status="PASS" signature="setUp()[pri:0, instance:com.training.regression.tests.RegStudentDetailToDB_ELTC_063@47c62251]" name="setUp" is-config="true" duration-ms="27317" started-at="2019-06-20T07:16:22Z" finished-at="2019-06-20T07:16:50Z">
          <reporter-output>
          </reporter-output>
        </test-method> <!-- setUp -->
        <test-method status="PASS" signature="loginDBTest10()[pri:0, instance:com.training.regression.tests.RegStudentDetailToDB_ELTC_063@47c62251]" name="loginDBTest10" duration-ms="19290" started-at="2019-06-20T07:16:50Z" finished-at="2019-06-20T07:17:09Z">
          <reporter-output>
          </reporter-output>
        </test-method> <!-- loginDBTest10 -->
        <test-method status="PASS" signature="tearDown()[pri:0, instance:com.training.regression.tests.RegStudentDetailToDB_ELTC_063@47c62251]" name="tearDown" is-config="true" duration-ms="3006" started-at="2019-06-20T07:17:09Z" finished-at="2019-06-20T07:17:12Z">
          <reporter-output>
          </reporter-output>
        </test-method> <!-- tearDown -->
      </class> <!-- com.training.regression.tests.RegStudentDetailToDB_ELTC_063 -->
    </test> <!-- Default test -->
  </suite> <!-- Default suite -->
</testng-results>
