<?xml version="1.0" encoding="UTF-8"?>
<testng-results skipped="0" failed="0" ignored="0" total="1" passed="1">
  <reporter-output>
  </reporter-output>
  <suite name="Default suite" duration-ms="77452" started-at="2019-06-14T09:21:50Z" finished-at="2019-06-14T09:23:08Z">
    <groups>
    </groups>
    <test name="Default test" duration-ms="77452" started-at="2019-06-14T09:21:50Z" finished-at="2019-06-14T09:23:08Z">
      <class name="com.training.sanity.tests.TeacherReviewStudAassignment_ELTC_035">
        <test-method status="PASS" signature="setUpBeforeClass()[pri:0, instance:com.training.sanity.tests.TeacherReviewStudAassignment_ELTC_035@47c62251]" name="setUpBeforeClass" is-config="true" duration-ms="559" started-at="2019-06-14T09:21:50Z" finished-at="2019-06-14T09:21:51Z">
          <reporter-output>
          </reporter-output>
        </test-method> <!-- setUpBeforeClass -->
        <test-method status="PASS" signature="setUp()[pri:0, instance:com.training.sanity.tests.TeacherReviewStudAassignment_ELTC_035@47c62251]" name="setUp" is-config="true" duration-ms="22464" started-at="2019-06-14T09:21:51Z" finished-at="2019-06-14T09:22:14Z">
          <reporter-output>
          </reporter-output>
        </test-method> <!-- setUp -->
        <test-method status="PASS" signature="validLoginTest()[pri:0, instance:com.training.sanity.tests.TeacherReviewStudAassignment_ELTC_035@47c62251]" name="validLoginTest" duration-ms="47153" started-at="2019-06-14T09:22:14Z" finished-at="2019-06-14T09:23:01Z">
          <reporter-output>
          </reporter-output>
        </test-method> <!-- validLoginTest -->
        <test-method status="PASS" signature="tearDown()[pri:0, instance:com.training.sanity.tests.TeacherReviewStudAassignment_ELTC_035@47c62251]" name="tearDown" is-config="true" duration-ms="7192" started-at="2019-06-14T09:23:01Z" finished-at="2019-06-14T09:23:08Z">
          <reporter-output>
          </reporter-output>
        </test-method> <!-- tearDown -->
      </class> <!-- com.training.sanity.tests.TeacherReviewStudAassignment_ELTC_035 -->
    </test> <!-- Default test -->
  </suite> <!-- Default suite -->
</testng-results>
